2025-09-02 03:43:25 [scrapy.utils.log] INFO: Scrapy 2.13.3 started (bot: practo_scraper)
2025-09-02 03:43:25 [scrapy.utils.log] INFO: Versions:
{'lxml': '6.0.1',
 'libxml2': '2.14.5',
 'cssselect': '1.3.0',
 'parsel': '1.10.0',
 'w3lib': '2.3.1',
 'Twisted': '24.3.0',
 'Python': '3.12.3 (main, Aug 14 2025, 17:47:21) [GCC 13.3.0]',
 'pyOpenSSL': '23.2.0 (OpenSSL 3.0.13 30 Jan 2024)',
 'cryptography': '41.0.7',
 'Platform': 'Linux-6.11.0-1018-azure-x86_64-with-glibc2.39'}
2025-09-02 03:43:25 [scrapy.addons] INFO: Enabled addons:
[]
2025-09-02 03:43:25 [scrapy.middleware] INFO: Enabled extensions:
['scrapy.extensions.corestats.CoreStats',
 'scrapy.extensions.memusage.MemoryUsage',
 'scrapy.extensions.closespider.CloseSpider',
 'scrapy.extensions.feedexport.FeedExporter',
 'scrapy.extensions.logstats.LogStats',
 'scrapy.extensions.throttle.AutoThrottle']
2025-09-02 03:43:25 [scrapy.crawler] INFO: Overridden settings:
{'AUTOTHROTTLE_DEBUG': True,
 'AUTOTHROTTLE_ENABLED': True,
 'AUTOTHROTTLE_MAX_DELAY': 10,
 'AUTOTHROTTLE_START_DELAY': 1,
 'AUTOTHROTTLE_TARGET_CONCURRENCY': 2.0,
 'BOT_NAME': 'practo_scraper',
 'CLOSESPIDER_ITEMCOUNT': 5,
 'CONCURRENT_REQUESTS': 8,
 'CONCURRENT_REQUESTS_PER_DOMAIN': 2,
 'CONCURRENT_REQUESTS_PER_IP': 2,
 'COOKIES_ENABLED': False,
 'DOWNLOAD_DELAY': 2,
 'FEED_EXPORT_ENCODING': 'utf-8',
 'HTTPCACHE_ENABLED': True,
 'HTTPCACHE_EXPIRATION_SECS': 3600,
 'HTTPCACHE_IGNORE_HTTP_CODES': [500, 502, 503, 504, 408, 429],
 'LOG_FILE': 'scrapy.log',
 'LOG_LEVEL': 'INFO',
 'NEWSPIDER_MODULE': 'practo_scraper.spiders',
 'RETRY_TIMES': 3,
 'SPIDER_MODULES': ['practo_scraper.spiders'],
 'TELNETCONSOLE_ENABLED': False,
 'USER_AGENT': 'Mozilla/5.0 (Windows NT 10.0; Win64; x64) AppleWebKit/537.36 '
               '(KHTML, like Gecko) Chrome/120.0.0.0 Safari/537.36'}
2025-09-02 03:43:25 [scrapy.middleware] INFO: Enabled downloader middlewares:
['scrapy.downloadermiddlewares.offsite.OffsiteMiddleware',
 'scrapy.downloadermiddlewares.httpauth.HttpAuthMiddleware',
 'scrapy.downloadermiddlewares.downloadtimeout.DownloadTimeoutMiddleware',
 'scrapy.downloadermiddlewares.defaultheaders.DefaultHeadersMiddleware',
 'scrapy.downloadermiddlewares.useragent.UserAgentMiddleware',
 'practo_scraper.middlewares.PractoScraperDownloaderMiddleware',
 'scrapy.downloadermiddlewares.retry.RetryMiddleware',
 'scrapy.downloadermiddlewares.redirect.MetaRefreshMiddleware',
 'scrapy.downloadermiddlewares.httpcompression.HttpCompressionMiddleware',
 'scrapy.downloadermiddlewares.redirect.RedirectMiddleware',
 'scrapy.downloadermiddlewares.httpproxy.HttpProxyMiddleware',
 'scrapy.downloadermiddlewares.stats.DownloaderStats',
 'scrapy.downloadermiddlewares.httpcache.HttpCacheMiddleware']
2025-09-02 03:43:25 [scrapy.middleware] INFO: Enabled spider middlewares:
['scrapy.spidermiddlewares.start.StartSpiderMiddleware',
 'scrapy.spidermiddlewares.httperror.HttpErrorMiddleware',
 'practo_scraper.middlewares.PractoScraperSpiderMiddleware',
 'scrapy.spidermiddlewares.referer.RefererMiddleware',
 'scrapy.spidermiddlewares.urllength.UrlLengthMiddleware',
 'scrapy.spidermiddlewares.depth.DepthMiddleware']
2025-09-02 03:43:25 [scrapy.core.spidermw] WARNING: Middleware practo_scraper.middlewares.PractoScraperSpiderMiddleware doesn't support asynchronous spider output, this is deprecated and will stop working in a future version of Scrapy. The middleware should be updated to support it. Please see https://docs.scrapy.org/en/latest/topics/coroutines.html#for-middleware-users for more information.
2025-09-02 03:43:26 [scrapy.middleware] INFO: Enabled item pipelines:
['practo_scraper.pipelines.ValidationPipeline',
 'practo_scraper.pipelines.CleaningPipeline',
 'practo_scraper.pipelines.CsvExportPipeline',
 'practo_scraper.pipelines.DatabasePipeline']
2025-09-02 03:43:26 [scrapy.core.engine] INFO: Spider opened
2025-09-02 03:43:26 [py.warnings] WARNING: /home/runner/.local/lib/python3.12/site-packages/scrapy/core/spidermw.py:433: ScrapyDeprecationWarning: practo_scraper.spiders.practo_doctors.PractoDoctorsSpider defines the deprecated start_requests() method. start_requests() has been deprecated in favor of a new method, start(), to support asynchronous code execution. start_requests() will stop being called in a future version of Scrapy. If you use Scrapy 2.13 or higher only, replace start_requests() with start(); note that start() is a coroutine (async def). If you need to maintain compatibility with lower Scrapy versions, when overriding start_requests() in a spider class, override start() as well; you can use super() to reuse the inherited start() implementation without copy-pasting. See the release notes of Scrapy 2.13 for details: https://docs.scrapy.org/en/2.13/news.html
  warn(

2025-09-02 03:43:26 [practo_doctors] INFO: Database initialized: data/doctors_database.db
2025-09-02 03:43:26 [scrapy.extensions.logstats] INFO: Crawled 0 pages (at 0 pages/min), scraped 0 items (at 0 items/min)
2025-09-02 03:43:26 [practo_doctors] INFO: Spider opened: practo_doctors
2025-09-02 03:43:26 [practo_doctors] INFO: Spider opened: practo_doctors
2025-09-02 03:44:26 [scrapy.extensions.logstats] INFO: Crawled 0 pages (at 0 pages/min), scraped 0 items (at 0 items/min)
2025-09-02 03:45:26 [scrapy.extensions.logstats] INFO: Crawled 0 pages (at 0 pages/min), scraped 0 items (at 0 items/min)
